c:\users\kga\desktop\c-_consoleproject\c++_project\c++_project\x64\debug\vc143.pdb
c:\users\kga\desktop\c-_consoleproject\c++_project\c++_project\x64\debug\vc143.idb
c:\users\kga\desktop\c-_consoleproject\c++_project\c++_project\x64\debug\소스2.obj
c:\users\kga\desktop\c-_consoleproject\c++_project\c++_project\x64\debug\manager.obj
c:\users\kga\desktop\c-_consoleproject\c++_project\c++_project\x64\debug\main.obj
c:\users\kga\desktop\c-_consoleproject\c++_project\c++_project\x64\debug\inputmanager.obj
c:\users\kga\desktop\c-_consoleproject\c++_project\c++_project\x64\debug\gamemanager.obj
c:\users\kga\desktop\c-_consoleproject\c++_project\x64\debug\c++_project.exe
c:\users\kga\desktop\c-_consoleproject\c++_project\x64\debug\c++_project.pdb
c:\users\kga\desktop\c-_consoleproject\c++_project\c++_project\x64\debug\c++_project.ilk
c:\users\kga\desktop\c-_consoleproject\c++_project\c++_project\x64\debug\20240923_과제.obj
c:\users\kga\desktop\c-_consoleproject\c++_project\c++_project\x64\debug\input.obj
c:\users\kga\desktop\c-_consoleproject\c++_project\c++_project\x64\debug\tinput.obj
c:\users\kga\desktop\c-_consoleproject\c++_project\c++_project\x64\debug\소스.obj
c:\users\kga\desktop\c-_consoleproject\c++_project\c++_project\x64\debug\소스1.obj
c:\users\kga\desktop\c-_consoleproject\c++_project\c++_project\x64\debug\c++_project.tlog\cl.command.1.tlog
c:\users\kga\desktop\c-_consoleproject\c++_project\c++_project\x64\debug\c++_project.tlog\cl.items.tlog
c:\users\kga\desktop\c-_consoleproject\c++_project\c++_project\x64\debug\c++_project.tlog\cl.read.1.tlog
c:\users\kga\desktop\c-_consoleproject\c++_project\c++_project\x64\debug\c++_project.tlog\cl.write.1.tlog
c:\users\kga\desktop\c-_consoleproject\c++_project\c++_project\x64\debug\c++_project.tlog\link.command.1.tlog
c:\users\kga\desktop\c-_consoleproject\c++_project\c++_project\x64\debug\c++_project.tlog\link.read.1.tlog
c:\users\kga\desktop\c-_consoleproject\c++_project\c++_project\x64\debug\c++_project.tlog\link.secondary.1.tlog
c:\users\kga\desktop\c-_consoleproject\c++_project\c++_project\x64\debug\c++_project.tlog\link.write.1.tlog
